  Kursach.cpp
G:\CPlusPlusProjects\Kursach\Kursach\Kursach\Kursach.cpp(26,43): warning C4244: =: преобразование "const T" в "T", возможна потеря данных
          with
          [
              T=float
          ]
          and
          [
              T=int
          ]
G:\CPlusPlusProjects\Kursach\Kursach\Kursach\Kursach.cpp(27,43): warning C4244: =: преобразование "const T" в "T", возможна потеря данных
          with
          [
              T=float
          ]
          and
          [
              T=int
          ]
G:\CPlusPlusProjects\Kursach\Kursach\Kursach\Kursach.cpp(575,126): warning C4244: аргумент: преобразование "int" в "float", возможна потеря данных
G:\CPlusPlusProjects\Kursach\Kursach\Kursach\Kursach.cpp(575,85): warning C4244: аргумент: преобразование "int" в "float", возможна потеря данных
G:\CPlusPlusProjects\Kursach\Kursach\Kursach\Kursach.cpp(602,128): warning C4244: аргумент: преобразование "int" в "float", возможна потеря данных
G:\CPlusPlusProjects\Kursach\Kursach\Kursach\Kursach.cpp(602,87): warning C4244: аргумент: преобразование "int" в "float", возможна потеря данных
G:\CPlusPlusProjects\Kursach\Kursach\Kursach\Kursach.cpp(621,129): warning C4244: аргумент: преобразование "int" в "float", возможна потеря данных
G:\CPlusPlusProjects\Kursach\Kursach\Kursach\Kursach.cpp(621,88): warning C4244: аргумент: преобразование "int" в "float", возможна потеря данных
G:\CPlusPlusProjects\Kursach\Kursach\Kursach\Kursach.cpp(641,129): warning C4244: аргумент: преобразование "int" в "float", возможна потеря данных
G:\CPlusPlusProjects\Kursach\Kursach\Kursach\Kursach.cpp(641,88): warning C4244: аргумент: преобразование "int" в "float", возможна потеря данных
G:\CPlusPlusProjects\Kursach\Kursach\Kursach\Kursach.cpp(660,129): warning C4244: аргумент: преобразование "int" в "float", возможна потеря данных
G:\CPlusPlusProjects\Kursach\Kursach\Kursach\Kursach.cpp(660,88): warning C4244: аргумент: преобразование "int" в "float", возможна потеря данных
G:\CPlusPlusProjects\Kursach\Kursach\Kursach\Kursach.cpp(718,129): warning C4244: аргумент: преобразование "int" в "float", возможна потеря данных
G:\CPlusPlusProjects\Kursach\Kursach\Kursach\Kursach.cpp(718,88): warning C4244: аргумент: преобразование "int" в "float", возможна потеря данных
G:\CPlusPlusProjects\Kursach\Kursach\Kursach\Kursach.cpp(745,129): warning C4244: аргумент: преобразование "int" в "float", возможна потеря данных
G:\CPlusPlusProjects\Kursach\Kursach\Kursach\Kursach.cpp(745,88): warning C4244: аргумент: преобразование "int" в "float", возможна потеря данных
G:\CPlusPlusProjects\Kursach\Kursach\Kursach\Kursach.cpp(774,129): warning C4244: аргумент: преобразование "int" в "float", возможна потеря данных
G:\CPlusPlusProjects\Kursach\Kursach\Kursach\Kursach.cpp(774,88): warning C4244: аргумент: преобразование "int" в "float", возможна потеря данных
G:\CPlusPlusProjects\Kursach\Kursach\Kursach\Kursach.cpp(801,129): warning C4244: аргумент: преобразование "int" в "float", возможна потеря данных
G:\CPlusPlusProjects\Kursach\Kursach\Kursach\Kursach.cpp(801,88): warning C4244: аргумент: преобразование "int" в "float", возможна потеря данных
G:\CPlusPlusProjects\Kursach\Kursach\Kursach\Kursach.cpp(848,133): warning C4244: аргумент: преобразование "int" в "float", возможна потеря данных
G:\CPlusPlusProjects\Kursach\Kursach\Kursach\Kursach.cpp(848,92): warning C4244: аргумент: преобразование "int" в "float", возможна потеря данных
G:\CPlusPlusProjects\Kursach\Kursach\Kursach\Kursach.cpp(871,133): warning C4244: аргумент: преобразование "int" в "float", возможна потеря данных
G:\CPlusPlusProjects\Kursach\Kursach\Kursach\Kursach.cpp(871,92): warning C4244: аргумент: преобразование "int" в "float", возможна потеря данных
G:\CPlusPlusProjects\Kursach\Kursach\Kursach\Kursach.cpp(894,133): warning C4244: аргумент: преобразование "int" в "float", возможна потеря данных
G:\CPlusPlusProjects\Kursach\Kursach\Kursach\Kursach.cpp(894,92): warning C4244: аргумент: преобразование "int" в "float", возможна потеря данных
G:\CPlusPlusProjects\Kursach\Kursach\Kursach\Kursach.cpp(917,133): warning C4244: аргумент: преобразование "int" в "float", возможна потеря данных
G:\CPlusPlusProjects\Kursach\Kursach\Kursach\Kursach.cpp(917,92): warning C4244: аргумент: преобразование "int" в "float", возможна потеря данных
G:\CPlusPlusProjects\Kursach\Kursach\Kursach\Kursach.cpp(971,97): warning C4244: аргумент: преобразование "T" в "float", возможна потеря данных
          with
          [
              T=int
          ]
G:\CPlusPlusProjects\Kursach\Kursach\Kursach\Kursach.cpp(971,57): warning C4244: аргумент: преобразование "T" в "float", возможна потеря данных
          with
          [
              T=int
          ]
  Kursach.vcxproj -> G:\CPlusPlusProjects\Kursach\Kursach\Debug\Kursach.exe
